[2021-12-15 20:54:28,874] {dag_processing.py:590} INFO - Processing files using up to 2 processes at a time 
[2021-12-15 20:54:28,877] {dag_processing.py:591} INFO - Process each file at most once every 0 seconds
[2021-12-15 20:54:28,883] {dag_processing.py:593} INFO - Checking for new files in /opt/airflow/dags every 300 seconds
[2021-12-15 20:54:28,886] {dag_processing.py:726} INFO - Searching for files in /opt/airflow/dags
[2021-12-15 20:54:28,891] {dag_processing.py:729} INFO - There are 0 files in /opt/airflow/dags
[2021-12-15 20:54:28,925] {dag_processing.py:1062} INFO - Finding 'running' jobs without a recent heartbeat
[2021-12-15 20:54:28,927] {dag_processing.py:1066} INFO - Failing jobs without heartbeat after 2021-12-15 20:49:28.927600+00:00
[2021-12-15 20:54:39,913] {dag_processing.py:1062} INFO - Finding 'running' jobs without a recent heartbeat
[2021-12-15 20:54:39,917] {dag_processing.py:1066} INFO - Failing jobs without heartbeat after 2021-12-15 20:49:39.916190+00:00
[2021-12-15 20:54:49,965] {dag_processing.py:1062} INFO - Finding 'running' jobs without a recent heartbeat
[2021-12-15 20:54:49,968] {dag_processing.py:1066} INFO - Failing jobs without heartbeat after 2021-12-15 20:49:49.968736+00:00
[2021-12-15 20:55:00,029] {dag_processing.py:1062} INFO - Finding 'running' jobs without a recent heartbeat
[2021-12-15 20:55:00,031] {dag_processing.py:1066} INFO - Failing jobs without heartbeat after 2021-12-15 20:50:00.031635+00:00
[2021-12-15 20:55:11,034] {dag_processing.py:1062} INFO - Finding 'running' jobs without a recent heartbeat
[2021-12-15 20:55:11,037] {dag_processing.py:1066} INFO - Failing jobs without heartbeat after 2021-12-15 20:50:11.037803+00:00
[2021-12-15 20:55:21,092] {dag_processing.py:1062} INFO - Finding 'running' jobs without a recent heartbeat
[2021-12-15 20:55:21,094] {dag_processing.py:1066} INFO - Failing jobs without heartbeat after 2021-12-15 20:50:21.094819+00:00
[2021-12-15 20:55:31,111] {dag_processing.py:1062} INFO - Finding 'running' jobs without a recent heartbeat
[2021-12-15 20:55:31,116] {dag_processing.py:1066} INFO - Failing jobs without heartbeat after 2021-12-15 20:50:31.116705+00:00
[2021-12-15 20:55:41,152] {dag_processing.py:1062} INFO - Finding 'running' jobs without a recent heartbeat
[2021-12-15 20:55:41,155] {dag_processing.py:1066} INFO - Failing jobs without heartbeat after 2021-12-15 20:50:41.155818+00:00
[2021-12-15 20:55:51,220] {dag_processing.py:1062} INFO - Finding 'running' jobs without a recent heartbeat
[2021-12-15 20:55:51,225] {dag_processing.py:1066} INFO - Failing jobs without heartbeat after 2021-12-15 20:50:51.224892+00:00
[2021-12-15 20:56:01,244] {dag_processing.py:1062} INFO - Finding 'running' jobs without a recent heartbeat
[2021-12-15 20:56:01,248] {dag_processing.py:1066} INFO - Failing jobs without heartbeat after 2021-12-15 20:51:01.248235+00:00
[2021-12-15 20:56:11,292] {dag_processing.py:1062} INFO - Finding 'running' jobs without a recent heartbeat
[2021-12-15 20:56:11,295] {dag_processing.py:1066} INFO - Failing jobs without heartbeat after 2021-12-15 20:51:11.295512+00:00
[2021-12-15 20:56:21,352] {dag_processing.py:1062} INFO - Finding 'running' jobs without a recent heartbeat
[2021-12-15 20:56:21,355] {dag_processing.py:1066} INFO - Failing jobs without heartbeat after 2021-12-15 20:51:21.355936+00:00
[2021-12-15 20:56:31,371] {dag_processing.py:1062} INFO - Finding 'running' jobs without a recent heartbeat
[2021-12-15 20:56:31,374] {dag_processing.py:1066} INFO - Failing jobs without heartbeat after 2021-12-15 20:51:31.374343+00:00
[2021-12-15 20:56:41,408] {dag_processing.py:1062} INFO - Finding 'running' jobs without a recent heartbeat
[2021-12-15 20:56:41,412] {dag_processing.py:1066} INFO - Failing jobs without heartbeat after 2021-12-15 20:51:41.412051+00:00
[2021-12-15 20:56:51,473] {dag_processing.py:1062} INFO - Finding 'running' jobs without a recent heartbeat
[2021-12-15 20:56:51,475] {dag_processing.py:1066} INFO - Failing jobs without heartbeat after 2021-12-15 20:51:51.475614+00:00
[2021-12-15 20:57:01,498] {dag_processing.py:1062} INFO - Finding 'running' jobs without a recent heartbeat
[2021-12-15 20:57:01,502] {dag_processing.py:1066} INFO - Failing jobs without heartbeat after 2021-12-15 20:52:01.502094+00:00
[2021-12-15 20:57:11,539] {dag_processing.py:1062} INFO - Finding 'running' jobs without a recent heartbeat
[2021-12-15 20:57:11,542] {dag_processing.py:1066} INFO - Failing jobs without heartbeat after 2021-12-15 20:52:11.542277+00:00
[2021-12-15 20:57:21,598] {dag_processing.py:1062} INFO - Finding 'running' jobs without a recent heartbeat
[2021-12-15 20:57:21,601] {dag_processing.py:1066} INFO - Failing jobs without heartbeat after 2021-12-15 20:52:21.601588+00:00
[2021-12-15 20:57:31,634] {dag_processing.py:1062} INFO - Finding 'running' jobs without a recent heartbeat
[2021-12-15 20:57:31,638] {dag_processing.py:1066} INFO - Failing jobs without heartbeat after 2021-12-15 20:52:31.638853+00:00
[2021-12-15 20:57:41,669] {dag_processing.py:1062} INFO - Finding 'running' jobs without a recent heartbeat
[2021-12-15 20:57:41,672] {dag_processing.py:1066} INFO - Failing jobs without heartbeat after 2021-12-15 20:52:41.672266+00:00
[2021-12-15 20:57:51,728] {dag_processing.py:1062} INFO - Finding 'running' jobs without a recent heartbeat
[2021-12-15 20:57:51,731] {dag_processing.py:1066} INFO - Failing jobs without heartbeat after 2021-12-15 20:52:51.731728+00:00
[2021-12-15 20:58:01,752] {dag_processing.py:1062} INFO - Finding 'running' jobs without a recent heartbeat
[2021-12-15 20:58:01,757] {dag_processing.py:1066} INFO - Failing jobs without heartbeat after 2021-12-15 20:53:01.757503+00:00
[2021-12-15 20:58:11,803] {dag_processing.py:1062} INFO - Finding 'running' jobs without a recent heartbeat
[2021-12-15 20:58:11,805] {dag_processing.py:1066} INFO - Failing jobs without heartbeat after 2021-12-15 20:53:11.805758+00:00
[2021-12-15 20:58:21,848] {dag_processing.py:1062} INFO - Finding 'running' jobs without a recent heartbeat
[2021-12-15 20:58:21,851] {dag_processing.py:1066} INFO - Failing jobs without heartbeat after 2021-12-15 20:53:21.851062+00:00
[2021-12-15 20:58:31,859] {dag_processing.py:1062} INFO - Finding 'running' jobs without a recent heartbeat
[2021-12-15 20:58:31,868] {dag_processing.py:1066} INFO - Failing jobs without heartbeat after 2021-12-15 20:53:31.868436+00:00
[2021-12-15 20:58:41,892] {dag_processing.py:1062} INFO - Finding 'running' jobs without a recent heartbeat
[2021-12-15 20:58:41,896] {dag_processing.py:1066} INFO - Failing jobs without heartbeat after 2021-12-15 20:53:41.896038+00:00
[2021-12-15 20:58:51,943] {dag_processing.py:1062} INFO - Finding 'running' jobs without a recent heartbeat
[2021-12-15 20:58:51,946] {dag_processing.py:1066} INFO - Failing jobs without heartbeat after 2021-12-15 20:53:51.946612+00:00
[2021-12-15 20:59:01,964] {dag_processing.py:1062} INFO - Finding 'running' jobs without a recent heartbeat
[2021-12-15 20:59:01,968] {dag_processing.py:1066} INFO - Failing jobs without heartbeat after 2021-12-15 20:54:01.968265+00:00
[2021-12-15 20:59:12,023] {dag_processing.py:1062} INFO - Finding 'running' jobs without a recent heartbeat
[2021-12-15 20:59:12,025] {dag_processing.py:1066} INFO - Failing jobs without heartbeat after 2021-12-15 20:54:12.025336+00:00
[2021-12-15 20:59:22,066] {dag_processing.py:1062} INFO - Finding 'running' jobs without a recent heartbeat
[2021-12-15 20:59:22,070] {dag_processing.py:1066} INFO - Failing jobs without heartbeat after 2021-12-15 20:54:22.070138+00:00
[2021-12-15 20:59:29,109] {dag_processing.py:726} INFO - Searching for files in /opt/airflow/dags
[2021-12-15 20:59:29,114] {dag_processing.py:729} INFO - There are 0 files in /opt/airflow/dags
[2021-12-15 20:59:32,107] {dag_processing.py:1062} INFO - Finding 'running' jobs without a recent heartbeat
[2021-12-15 20:59:32,110] {dag_processing.py:1066} INFO - Failing jobs without heartbeat after 2021-12-15 20:54:32.110635+00:00
[2021-12-15 20:59:42,156] {dag_processing.py:1062} INFO - Finding 'running' jobs without a recent heartbeat
[2021-12-15 20:59:42,159] {dag_processing.py:1066} INFO - Failing jobs without heartbeat after 2021-12-15 20:54:42.159436+00:00
[2021-12-15 20:59:52,200] {dag_processing.py:1062} INFO - Finding 'running' jobs without a recent heartbeat
[2021-12-15 20:59:52,204] {dag_processing.py:1066} INFO - Failing jobs without heartbeat after 2021-12-15 20:54:52.204317+00:00
[2021-12-15 21:00:02,218] {dag_processing.py:1062} INFO - Finding 'running' jobs without a recent heartbeat
[2021-12-15 21:00:02,220] {dag_processing.py:1066} INFO - Failing jobs without heartbeat after 2021-12-15 20:55:02.220786+00:00
[2021-12-15 21:00:12,254] {dag_processing.py:1062} INFO - Finding 'running' jobs without a recent heartbeat
[2021-12-15 21:00:12,257] {dag_processing.py:1066} INFO - Failing jobs without heartbeat after 2021-12-15 20:55:12.257739+00:00
[2021-12-15 21:00:22,311] {dag_processing.py:1062} INFO - Finding 'running' jobs without a recent heartbeat
[2021-12-15 21:00:22,314] {dag_processing.py:1066} INFO - Failing jobs without heartbeat after 2021-12-15 20:55:22.314587+00:00
[2021-12-15 21:00:32,339] {dag_processing.py:1062} INFO - Finding 'running' jobs without a recent heartbeat
[2021-12-15 21:00:32,342] {dag_processing.py:1066} INFO - Failing jobs without heartbeat after 2021-12-15 20:55:32.342514+00:00
[2021-12-15 21:00:42,388] {dag_processing.py:1062} INFO - Finding 'running' jobs without a recent heartbeat
[2021-12-15 21:00:42,390] {dag_processing.py:1066} INFO - Failing jobs without heartbeat after 2021-12-15 20:55:42.390864+00:00
[2021-12-15 21:00:52,438] {dag_processing.py:1062} INFO - Finding 'running' jobs without a recent heartbeat
[2021-12-15 21:00:52,441] {dag_processing.py:1066} INFO - Failing jobs without heartbeat after 2021-12-15 20:55:52.441672+00:00
[2021-12-15 21:01:02,468] {dag_processing.py:1062} INFO - Finding 'running' jobs without a recent heartbeat
[2021-12-15 21:01:02,471] {dag_processing.py:1066} INFO - Failing jobs without heartbeat after 2021-12-15 20:56:02.471286+00:00
[2021-12-15 21:01:12,513] {dag_processing.py:1062} INFO - Finding 'running' jobs without a recent heartbeat
[2021-12-15 21:01:12,516] {dag_processing.py:1066} INFO - Failing jobs without heartbeat after 2021-12-15 20:56:12.516901+00:00
[2021-12-15 21:01:22,563] {dag_processing.py:1062} INFO - Finding 'running' jobs without a recent heartbeat
[2021-12-15 21:01:22,565] {dag_processing.py:1066} INFO - Failing jobs without heartbeat after 2021-12-15 20:56:22.565749+00:00
[2021-12-15 21:01:32,580] {dag_processing.py:1062} INFO - Finding 'running' jobs without a recent heartbeat
[2021-12-15 21:01:32,583] {dag_processing.py:1066} INFO - Failing jobs without heartbeat after 2021-12-15 20:56:32.583205+00:00
[2021-12-15 21:01:42,622] {dag_processing.py:1062} INFO - Finding 'running' jobs without a recent heartbeat
[2021-12-15 21:01:42,625] {dag_processing.py:1066} INFO - Failing jobs without heartbeat after 2021-12-15 20:56:42.625780+00:00
[2021-12-15 21:01:52,665] {dag_processing.py:1062} INFO - Finding 'running' jobs without a recent heartbeat
[2021-12-15 21:01:52,667] {dag_processing.py:1066} INFO - Failing jobs without heartbeat after 2021-12-15 20:56:52.667398+00:00
[2021-12-15 21:02:02,674] {dag_processing.py:1062} INFO - Finding 'running' jobs without a recent heartbeat
[2021-12-15 21:02:02,676] {dag_processing.py:1066} INFO - Failing jobs without heartbeat after 2021-12-15 20:57:02.676921+00:00
[2021-12-15 21:02:12,728] {dag_processing.py:1062} INFO - Finding 'running' jobs without a recent heartbeat
[2021-12-15 21:02:12,731] {dag_processing.py:1066} INFO - Failing jobs without heartbeat after 2021-12-15 20:57:12.731568+00:00
[2021-12-15 21:02:22,767] {dag_processing.py:1062} INFO - Finding 'running' jobs without a recent heartbeat
[2021-12-15 21:02:22,770] {dag_processing.py:1066} INFO - Failing jobs without heartbeat after 2021-12-15 20:57:22.770277+00:00
[2021-12-15 21:02:32,782] {dag_processing.py:1062} INFO - Finding 'running' jobs without a recent heartbeat
[2021-12-15 21:02:32,785] {dag_processing.py:1066} INFO - Failing jobs without heartbeat after 2021-12-15 20:57:32.785189+00:00
[2021-12-15 21:02:42,844] {dag_processing.py:1062} INFO - Finding 'running' jobs without a recent heartbeat
[2021-12-15 21:02:42,847] {dag_processing.py:1066} INFO - Failing jobs without heartbeat after 2021-12-15 20:57:42.847885+00:00
[2021-12-15 21:02:52,885] {dag_processing.py:1062} INFO - Finding 'running' jobs without a recent heartbeat
[2021-12-15 21:02:52,888] {dag_processing.py:1066} INFO - Failing jobs without heartbeat after 2021-12-15 20:57:52.888936+00:00
[2021-12-15 21:03:02,907] {dag_processing.py:1062} INFO - Finding 'running' jobs without a recent heartbeat
[2021-12-15 21:03:02,924] {dag_processing.py:1066} INFO - Failing jobs without heartbeat after 2021-12-15 20:58:02.924773+00:00
[2021-12-15 21:03:12,997] {dag_processing.py:1062} INFO - Finding 'running' jobs without a recent heartbeat
[2021-12-15 21:03:13,000] {dag_processing.py:1066} INFO - Failing jobs without heartbeat after 2021-12-15 20:58:13.000187+00:00
[2021-12-15 21:03:23,049] {dag_processing.py:1062} INFO - Finding 'running' jobs without a recent heartbeat
[2021-12-15 21:03:23,080] {dag_processing.py:1066} INFO - Failing jobs without heartbeat after 2021-12-15 20:58:23.079972+00:00
[2021-12-15 21:03:33,110] {dag_processing.py:1062} INFO - Finding 'running' jobs without a recent heartbeat
[2021-12-15 21:03:33,115] {dag_processing.py:1066} INFO - Failing jobs without heartbeat after 2021-12-15 20:58:33.115028+00:00
[2021-12-15 21:03:43,183] {dag_processing.py:1062} INFO - Finding 'running' jobs without a recent heartbeat
[2021-12-15 21:03:43,192] {dag_processing.py:1066} INFO - Failing jobs without heartbeat after 2021-12-15 20:58:43.192652+00:00
[2021-12-15 21:03:53,234] {dag_processing.py:1062} INFO - Finding 'running' jobs without a recent heartbeat
[2021-12-15 21:03:53,238] {dag_processing.py:1066} INFO - Failing jobs without heartbeat after 2021-12-15 20:58:53.238127+00:00
[2021-12-15 21:04:03,260] {dag_processing.py:1062} INFO - Finding 'running' jobs without a recent heartbeat
[2021-12-15 21:04:03,265] {dag_processing.py:1066} INFO - Failing jobs without heartbeat after 2021-12-15 20:59:03.265608+00:00
[2021-12-15 21:04:13,342] {dag_processing.py:1062} INFO - Finding 'running' jobs without a recent heartbeat
[2021-12-15 21:04:13,346] {dag_processing.py:1066} INFO - Failing jobs without heartbeat after 2021-12-15 20:59:13.346311+00:00
[2021-12-15 21:04:23,383] {dag_processing.py:1062} INFO - Finding 'running' jobs without a recent heartbeat
[2021-12-15 21:04:23,386] {dag_processing.py:1066} INFO - Failing jobs without heartbeat after 2021-12-15 20:59:23.386048+00:00
[2021-12-15 21:04:29,420] {dag_processing.py:726} INFO - Searching for files in /opt/airflow/dags
[2021-12-15 21:04:29,424] {dag_processing.py:729} INFO - There are 0 files in /opt/airflow/dags
[2021-12-15 21:04:33,418] {dag_processing.py:1062} INFO - Finding 'running' jobs without a recent heartbeat
[2021-12-15 21:04:33,422] {dag_processing.py:1066} INFO - Failing jobs without heartbeat after 2021-12-15 20:59:33.422034+00:00
[2021-12-15 21:04:43,486] {dag_processing.py:1062} INFO - Finding 'running' jobs without a recent heartbeat
[2021-12-15 21:04:43,490] {dag_processing.py:1066} INFO - Failing jobs without heartbeat after 2021-12-15 20:59:43.490166+00:00
[2021-12-15 21:04:53,529] {dag_processing.py:1062} INFO - Finding 'running' jobs without a recent heartbeat
[2021-12-15 21:04:53,533] {dag_processing.py:1066} INFO - Failing jobs without heartbeat after 2021-12-15 20:59:53.533146+00:00
[2021-12-15 21:05:03,539] {dag_processing.py:1062} INFO - Finding 'running' jobs without a recent heartbeat
[2021-12-15 21:05:03,544] {dag_processing.py:1066} INFO - Failing jobs without heartbeat after 2021-12-15 21:00:03.544165+00:00
[2021-12-15 21:05:13,600] {dag_processing.py:1062} INFO - Finding 'running' jobs without a recent heartbeat
[2021-12-15 21:05:13,603] {dag_processing.py:1066} INFO - Failing jobs without heartbeat after 2021-12-15 21:00:13.603074+00:00
[2021-12-15 21:05:23,637] {dag_processing.py:1062} INFO - Finding 'running' jobs without a recent heartbeat
[2021-12-15 21:05:23,639] {dag_processing.py:1066} INFO - Failing jobs without heartbeat after 2021-12-15 21:00:23.639428+00:00
[2021-12-15 21:05:33,661] {dag_processing.py:1062} INFO - Finding 'running' jobs without a recent heartbeat
[2021-12-15 21:05:33,665] {dag_processing.py:1066} INFO - Failing jobs without heartbeat after 2021-12-15 21:00:33.665809+00:00
[2021-12-15 21:05:43,706] {dag_processing.py:1062} INFO - Finding 'running' jobs without a recent heartbeat
[2021-12-15 21:05:43,710] {dag_processing.py:1066} INFO - Failing jobs without heartbeat after 2021-12-15 21:00:43.710469+00:00
[2021-12-15 21:05:53,750] {dag_processing.py:1062} INFO - Finding 'running' jobs without a recent heartbeat
[2021-12-15 21:05:53,753] {dag_processing.py:1066} INFO - Failing jobs without heartbeat after 2021-12-15 21:00:53.753638+00:00
[2021-12-15 21:06:03,789] {dag_processing.py:1062} INFO - Finding 'running' jobs without a recent heartbeat
[2021-12-15 21:06:03,798] {dag_processing.py:1066} INFO - Failing jobs without heartbeat after 2021-12-15 21:01:03.798266+00:00
[2021-12-15 21:06:13,849] {dag_processing.py:1062} INFO - Finding 'running' jobs without a recent heartbeat
[2021-12-15 21:06:13,853] {dag_processing.py:1066} INFO - Failing jobs without heartbeat after 2021-12-15 21:01:13.853866+00:00
[2021-12-15 21:06:23,901] {dag_processing.py:1062} INFO - Finding 'running' jobs without a recent heartbeat
[2021-12-15 21:06:23,905] {dag_processing.py:1066} INFO - Failing jobs without heartbeat after 2021-12-15 21:01:23.905677+00:00
[2021-12-15 21:06:33,932] {dag_processing.py:1062} INFO - Finding 'running' jobs without a recent heartbeat
[2021-12-15 21:06:33,936] {dag_processing.py:1066} INFO - Failing jobs without heartbeat after 2021-12-15 21:01:33.936570+00:00
[2021-12-15 21:06:44,011] {dag_processing.py:1062} INFO - Finding 'running' jobs without a recent heartbeat
[2021-12-15 21:06:44,013] {dag_processing.py:1066} INFO - Failing jobs without heartbeat after 2021-12-15 21:01:44.013729+00:00
[2021-12-15 21:06:54,061] {dag_processing.py:1062} INFO - Finding 'running' jobs without a recent heartbeat
[2021-12-15 21:06:54,063] {dag_processing.py:1066} INFO - Failing jobs without heartbeat after 2021-12-15 21:01:54.063829+00:00
[2021-12-15 21:07:04,090] {dag_processing.py:1062} INFO - Finding 'running' jobs without a recent heartbeat
[2021-12-15 21:07:04,092] {dag_processing.py:1066} INFO - Failing jobs without heartbeat after 2021-12-15 21:02:04.092905+00:00
[2021-12-15 21:07:14,163] {dag_processing.py:1062} INFO - Finding 'running' jobs without a recent heartbeat
[2021-12-15 21:07:14,167] {dag_processing.py:1066} INFO - Failing jobs without heartbeat after 2021-12-15 21:02:14.167506+00:00
[2021-12-15 21:07:24,207] {dag_processing.py:1062} INFO - Finding 'running' jobs without a recent heartbeat
[2021-12-15 21:07:24,209] {dag_processing.py:1066} INFO - Failing jobs without heartbeat after 2021-12-15 21:02:24.209213+00:00
[2021-12-15 21:07:34,238] {dag_processing.py:1062} INFO - Finding 'running' jobs without a recent heartbeat
[2021-12-15 21:07:34,241] {dag_processing.py:1066} INFO - Failing jobs without heartbeat after 2021-12-15 21:02:34.241299+00:00
[2021-12-15 21:07:44,300] {dag_processing.py:1062} INFO - Finding 'running' jobs without a recent heartbeat
[2021-12-15 21:07:44,306] {dag_processing.py:1066} INFO - Failing jobs without heartbeat after 2021-12-15 21:02:44.306541+00:00
[2021-12-15 21:07:54,343] {dag_processing.py:1062} INFO - Finding 'running' jobs without a recent heartbeat
[2021-12-15 21:07:54,345] {dag_processing.py:1066} INFO - Failing jobs without heartbeat after 2021-12-15 21:02:54.345864+00:00
[2021-12-15 21:08:04,366] {dag_processing.py:1062} INFO - Finding 'running' jobs without a recent heartbeat
[2021-12-15 21:08:04,369] {dag_processing.py:1066} INFO - Failing jobs without heartbeat after 2021-12-15 21:03:04.369579+00:00
[2021-12-15 21:08:14,434] {dag_processing.py:1062} INFO - Finding 'running' jobs without a recent heartbeat
[2021-12-15 21:08:14,438] {dag_processing.py:1066} INFO - Failing jobs without heartbeat after 2021-12-15 21:03:14.438225+00:00
[2021-12-15 21:08:24,493] {dag_processing.py:1062} INFO - Finding 'running' jobs without a recent heartbeat
[2021-12-15 21:08:24,496] {dag_processing.py:1066} INFO - Failing jobs without heartbeat after 2021-12-15 21:03:24.496291+00:00
[2021-12-15 21:08:34,514] {dag_processing.py:1062} INFO - Finding 'running' jobs without a recent heartbeat
[2021-12-15 21:08:34,517] {dag_processing.py:1066} INFO - Failing jobs without heartbeat after 2021-12-15 21:03:34.517286+00:00
[2021-12-15 21:08:44,583] {dag_processing.py:1062} INFO - Finding 'running' jobs without a recent heartbeat
[2021-12-15 21:08:44,589] {dag_processing.py:1066} INFO - Failing jobs without heartbeat after 2021-12-15 21:03:44.589052+00:00
[2021-12-15 21:08:54,643] {dag_processing.py:1062} INFO - Finding 'running' jobs without a recent heartbeat
[2021-12-15 21:08:54,646] {dag_processing.py:1066} INFO - Failing jobs without heartbeat after 2021-12-15 21:03:54.646361+00:00
[2021-12-15 21:09:05,653] {dag_processing.py:1062} INFO - Finding 'running' jobs without a recent heartbeat
[2021-12-15 21:09:05,655] {dag_processing.py:1066} INFO - Failing jobs without heartbeat after 2021-12-15 21:04:05.655934+00:00
[2021-12-15 21:09:15,697] {dag_processing.py:1062} INFO - Finding 'running' jobs without a recent heartbeat
[2021-12-15 21:09:15,700] {dag_processing.py:1066} INFO - Failing jobs without heartbeat after 2021-12-15 21:04:15.700116+00:00
[2021-12-15 21:09:25,746] {dag_processing.py:1062} INFO - Finding 'running' jobs without a recent heartbeat
[2021-12-15 21:09:25,749] {dag_processing.py:1066} INFO - Failing jobs without heartbeat after 2021-12-15 21:04:25.749260+00:00
[2021-12-15 21:09:29,762] {dag_processing.py:726} INFO - Searching for files in /opt/airflow/dags
[2021-12-15 21:09:29,767] {dag_processing.py:729} INFO - There are 0 files in /opt/airflow/dags
[2021-12-15 21:09:35,771] {dag_processing.py:1062} INFO - Finding 'running' jobs without a recent heartbeat
[2021-12-15 21:09:35,775] {dag_processing.py:1066} INFO - Failing jobs without heartbeat after 2021-12-15 21:04:35.775872+00:00
[2021-12-15 21:09:45,823] {dag_processing.py:1062} INFO - Finding 'running' jobs without a recent heartbeat
[2021-12-15 21:09:45,825] {dag_processing.py:1066} INFO - Failing jobs without heartbeat after 2021-12-15 21:04:45.825892+00:00
[2021-12-15 21:09:55,857] {dag_processing.py:1062} INFO - Finding 'running' jobs without a recent heartbeat
[2021-12-15 21:09:55,859] {dag_processing.py:1066} INFO - Failing jobs without heartbeat after 2021-12-15 21:04:55.859286+00:00
[2021-12-15 21:10:05,867] {dag_processing.py:1062} INFO - Finding 'running' jobs without a recent heartbeat
[2021-12-15 21:10:05,872] {dag_processing.py:1066} INFO - Failing jobs without heartbeat after 2021-12-15 21:05:05.872672+00:00
[2021-12-15 21:10:15,933] {dag_processing.py:1062} INFO - Finding 'running' jobs without a recent heartbeat
[2021-12-15 21:10:15,937] {dag_processing.py:1066} INFO - Failing jobs without heartbeat after 2021-12-15 21:05:15.937104+00:00
[2021-12-15 21:10:25,980] {dag_processing.py:1062} INFO - Finding 'running' jobs without a recent heartbeat
[2021-12-15 21:10:25,982] {dag_processing.py:1066} INFO - Failing jobs without heartbeat after 2021-12-15 21:05:25.981972+00:00
[2021-12-15 21:10:35,987] {dag_processing.py:1062} INFO - Finding 'running' jobs without a recent heartbeat
[2021-12-15 21:10:35,991] {dag_processing.py:1066} INFO - Failing jobs without heartbeat after 2021-12-15 21:05:35.991307+00:00
[2021-12-15 21:10:46,039] {dag_processing.py:1062} INFO - Finding 'running' jobs without a recent heartbeat
[2021-12-15 21:10:46,043] {dag_processing.py:1066} INFO - Failing jobs without heartbeat after 2021-12-15 21:05:46.043528+00:00
[2021-12-15 21:10:56,099] {dag_processing.py:1062} INFO - Finding 'running' jobs without a recent heartbeat
[2021-12-15 21:10:56,101] {dag_processing.py:1066} INFO - Failing jobs without heartbeat after 2021-12-15 21:05:56.101391+00:00
[2021-12-15 21:11:06,113] {dag_processing.py:1062} INFO - Finding 'running' jobs without a recent heartbeat
[2021-12-15 21:11:06,118] {dag_processing.py:1066} INFO - Failing jobs without heartbeat after 2021-12-15 21:06:06.118146+00:00
[2021-12-15 21:11:16,184] {dag_processing.py:1062} INFO - Finding 'running' jobs without a recent heartbeat
[2021-12-15 21:11:16,187] {dag_processing.py:1066} INFO - Failing jobs without heartbeat after 2021-12-15 21:06:16.187106+00:00
[2021-12-15 21:11:26,234] {dag_processing.py:1062} INFO - Finding 'running' jobs without a recent heartbeat
[2021-12-15 21:11:26,236] {dag_processing.py:1066} INFO - Failing jobs without heartbeat after 2021-12-15 21:06:26.236592+00:00
[2021-12-15 21:11:36,243] {dag_processing.py:1062} INFO - Finding 'running' jobs without a recent heartbeat
[2021-12-15 21:11:36,246] {dag_processing.py:1066} INFO - Failing jobs without heartbeat after 2021-12-15 21:06:36.245987+00:00
[2021-12-15 21:11:46,320] {dag_processing.py:1062} INFO - Finding 'running' jobs without a recent heartbeat
[2021-12-15 21:11:46,323] {dag_processing.py:1066} INFO - Failing jobs without heartbeat after 2021-12-15 21:06:46.323824+00:00
[2021-12-15 21:11:56,380] {dag_processing.py:1062} INFO - Finding 'running' jobs without a recent heartbeat
[2021-12-15 21:11:56,383] {dag_processing.py:1066} INFO - Failing jobs without heartbeat after 2021-12-15 21:06:56.382988+00:00
[2021-12-15 21:12:06,390] {dag_processing.py:1062} INFO - Finding 'running' jobs without a recent heartbeat
[2021-12-15 21:12:06,393] {dag_processing.py:1066} INFO - Failing jobs without heartbeat after 2021-12-15 21:07:06.393239+00:00
[2021-12-15 21:12:16,439] {dag_processing.py:1062} INFO - Finding 'running' jobs without a recent heartbeat
[2021-12-15 21:12:16,444] {dag_processing.py:1066} INFO - Failing jobs without heartbeat after 2021-12-15 21:07:16.444312+00:00
[2021-12-15 21:12:26,492] {dag_processing.py:1062} INFO - Finding 'running' jobs without a recent heartbeat
[2021-12-15 21:12:26,499] {dag_processing.py:1066} INFO - Failing jobs without heartbeat after 2021-12-15 21:07:26.499076+00:00
[2021-12-15 21:12:37,506] {dag_processing.py:1062} INFO - Finding 'running' jobs without a recent heartbeat
[2021-12-15 21:12:37,510] {dag_processing.py:1066} INFO - Failing jobs without heartbeat after 2021-12-15 21:07:37.510471+00:00
[2021-12-15 21:12:47,577] {dag_processing.py:1062} INFO - Finding 'running' jobs without a recent heartbeat
[2021-12-15 21:12:47,582] {dag_processing.py:1066} INFO - Failing jobs without heartbeat after 2021-12-15 21:07:47.582575+00:00
[2021-12-15 21:12:57,634] {dag_processing.py:1062} INFO - Finding 'running' jobs without a recent heartbeat
[2021-12-15 21:12:57,637] {dag_processing.py:1066} INFO - Failing jobs without heartbeat after 2021-12-15 21:07:57.637719+00:00
[2021-12-15 21:13:07,646] {dag_processing.py:1062} INFO - Finding 'running' jobs without a recent heartbeat
[2021-12-15 21:13:07,650] {dag_processing.py:1066} INFO - Failing jobs without heartbeat after 2021-12-15 21:08:07.650032+00:00
[2021-12-15 21:13:17,693] {dag_processing.py:1062} INFO - Finding 'running' jobs without a recent heartbeat
[2021-12-15 21:13:17,696] {dag_processing.py:1066} INFO - Failing jobs without heartbeat after 2021-12-15 21:08:17.696061+00:00
[2021-12-15 21:13:27,746] {dag_processing.py:1062} INFO - Finding 'running' jobs without a recent heartbeat
[2021-12-15 21:13:27,749] {dag_processing.py:1066} INFO - Failing jobs without heartbeat after 2021-12-15 21:08:27.748980+00:00
[2021-12-15 21:13:37,760] {dag_processing.py:1062} INFO - Finding 'running' jobs without a recent heartbeat
[2021-12-15 21:13:37,762] {dag_processing.py:1066} INFO - Failing jobs without heartbeat after 2021-12-15 21:08:37.762818+00:00
[2021-12-15 21:13:47,815] {dag_processing.py:1062} INFO - Finding 'running' jobs without a recent heartbeat
[2021-12-15 21:13:47,819] {dag_processing.py:1066} INFO - Failing jobs without heartbeat after 2021-12-15 21:08:47.819314+00:00
[2021-12-15 21:13:57,907] {dag_processing.py:1062} INFO - Finding 'running' jobs without a recent heartbeat
[2021-12-15 21:13:57,911] {dag_processing.py:1066} INFO - Failing jobs without heartbeat after 2021-12-15 21:08:57.910984+00:00
[2021-12-15 21:14:07,921] {dag_processing.py:1062} INFO - Finding 'running' jobs without a recent heartbeat
[2021-12-15 21:14:07,923] {dag_processing.py:1066} INFO - Failing jobs without heartbeat after 2021-12-15 21:09:07.923843+00:00
[2021-12-15 21:14:18,017] {dag_processing.py:1062} INFO - Finding 'running' jobs without a recent heartbeat
[2021-12-15 21:14:18,022] {dag_processing.py:1066} INFO - Failing jobs without heartbeat after 2021-12-15 21:09:18.022527+00:00
[2021-12-15 21:14:28,098] {dag_processing.py:1062} INFO - Finding 'running' jobs without a recent heartbeat
[2021-12-15 21:14:28,101] {dag_processing.py:1066} INFO - Failing jobs without heartbeat after 2021-12-15 21:09:28.101251+00:00
[2021-12-15 21:14:30,086] {dag_processing.py:726} INFO - Searching for files in /opt/airflow/dags
[2021-12-15 21:14:30,091] {dag_processing.py:729} INFO - There are 0 files in /opt/airflow/dags
[2021-12-15 21:14:38,132] {dag_processing.py:1062} INFO - Finding 'running' jobs without a recent heartbeat
[2021-12-15 21:14:38,135] {dag_processing.py:1066} INFO - Failing jobs without heartbeat after 2021-12-15 21:09:38.135064+00:00
[2021-12-15 21:14:48,199] {dag_processing.py:1062} INFO - Finding 'running' jobs without a recent heartbeat
[2021-12-15 21:14:48,202] {dag_processing.py:1066} INFO - Failing jobs without heartbeat after 2021-12-15 21:09:48.202553+00:00
[2021-12-15 21:14:58,258] {dag_processing.py:1062} INFO - Finding 'running' jobs without a recent heartbeat
[2021-12-15 21:14:58,262] {dag_processing.py:1066} INFO - Failing jobs without heartbeat after 2021-12-15 21:09:58.262162+00:00
[2021-12-15 21:15:08,279] {dag_processing.py:1062} INFO - Finding 'running' jobs without a recent heartbeat
[2021-12-15 21:15:08,283] {dag_processing.py:1066} INFO - Failing jobs without heartbeat after 2021-12-15 21:10:08.283011+00:00
[2021-12-15 21:15:18,376] {dag_processing.py:1062} INFO - Finding 'running' jobs without a recent heartbeat
[2021-12-15 21:15:18,380] {dag_processing.py:1066} INFO - Failing jobs without heartbeat after 2021-12-15 21:10:18.380310+00:00
[2021-12-15 21:15:28,454] {dag_processing.py:1062} INFO - Finding 'running' jobs without a recent heartbeat
[2021-12-15 21:15:28,458] {dag_processing.py:1066} INFO - Failing jobs without heartbeat after 2021-12-15 21:10:28.458126+00:00
[2021-12-15 21:15:38,471] {dag_processing.py:1062} INFO - Finding 'running' jobs without a recent heartbeat
[2021-12-15 21:15:38,474] {dag_processing.py:1066} INFO - Failing jobs without heartbeat after 2021-12-15 21:10:38.474707+00:00
[2021-12-15 21:15:48,555] {dag_processing.py:1062} INFO - Finding 'running' jobs without a recent heartbeat
[2021-12-15 21:15:48,557] {dag_processing.py:1066} INFO - Failing jobs without heartbeat after 2021-12-15 21:10:48.557564+00:00
[2021-12-15 21:15:58,644] {dag_processing.py:1062} INFO - Finding 'running' jobs without a recent heartbeat
[2021-12-15 21:15:58,647] {dag_processing.py:1066} INFO - Failing jobs without heartbeat after 2021-12-15 21:10:58.647890+00:00
[2021-12-15 21:16:08,667] {dag_processing.py:1062} INFO - Finding 'running' jobs without a recent heartbeat
[2021-12-15 21:16:08,670] {dag_processing.py:1066} INFO - Failing jobs without heartbeat after 2021-12-15 21:11:08.670164+00:00
[2021-12-15 21:16:18,740] {dag_processing.py:1062} INFO - Finding 'running' jobs without a recent heartbeat
[2021-12-15 21:16:18,743] {dag_processing.py:1066} INFO - Failing jobs without heartbeat after 2021-12-15 21:11:18.743321+00:00
[2021-12-15 21:16:28,830] {dag_processing.py:1062} INFO - Finding 'running' jobs without a recent heartbeat
[2021-12-15 21:16:28,833] {dag_processing.py:1066} INFO - Failing jobs without heartbeat after 2021-12-15 21:11:28.833589+00:00
[2021-12-15 21:16:39,839] {dag_processing.py:1062} INFO - Finding 'running' jobs without a recent heartbeat
[2021-12-15 21:16:39,843] {dag_processing.py:1066} INFO - Failing jobs without heartbeat after 2021-12-15 21:11:39.843265+00:00
[2021-12-15 21:16:49,922] {dag_processing.py:1062} INFO - Finding 'running' jobs without a recent heartbeat
[2021-12-15 21:16:49,925] {dag_processing.py:1066} INFO - Failing jobs without heartbeat after 2021-12-15 21:11:49.925390+00:00
[2021-12-15 21:16:59,972] {dag_processing.py:1062} INFO - Finding 'running' jobs without a recent heartbeat
[2021-12-15 21:16:59,975] {dag_processing.py:1066} INFO - Failing jobs without heartbeat after 2021-12-15 21:11:59.974923+00:00
[2021-12-15 21:17:10,041] {dag_processing.py:1062} INFO - Finding 'running' jobs without a recent heartbeat
[2021-12-15 21:17:10,045] {dag_processing.py:1066} INFO - Failing jobs without heartbeat after 2021-12-15 21:12:10.045513+00:00
[2021-12-15 21:17:20,119] {dag_processing.py:1062} INFO - Finding 'running' jobs without a recent heartbeat
[2021-12-15 21:17:20,122] {dag_processing.py:1066} INFO - Failing jobs without heartbeat after 2021-12-15 21:12:20.122867+00:00
[2021-12-15 21:17:30,149] {dag_processing.py:1062} INFO - Finding 'running' jobs without a recent heartbeat
[2021-12-15 21:17:30,152] {dag_processing.py:1066} INFO - Failing jobs without heartbeat after 2021-12-15 21:12:30.152304+00:00
[2021-12-15 21:17:40,203] {dag_processing.py:1062} INFO - Finding 'running' jobs without a recent heartbeat
[2021-12-15 21:17:40,205] {dag_processing.py:1066} INFO - Failing jobs without heartbeat after 2021-12-15 21:12:40.205491+00:00
[2021-12-15 21:17:50,287] {dag_processing.py:1062} INFO - Finding 'running' jobs without a recent heartbeat
[2021-12-15 21:17:50,289] {dag_processing.py:1066} INFO - Failing jobs without heartbeat after 2021-12-15 21:12:50.289228+00:00
[2021-12-15 21:18:00,345] {dag_processing.py:1062} INFO - Finding 'running' jobs without a recent heartbeat
[2021-12-15 21:18:00,347] {dag_processing.py:1066} INFO - Failing jobs without heartbeat after 2021-12-15 21:13:00.346994+00:00
[2021-12-15 21:18:10,393] {dag_processing.py:1062} INFO - Finding 'running' jobs without a recent heartbeat
[2021-12-15 21:18:10,394] {dag_processing.py:1066} INFO - Failing jobs without heartbeat after 2021-12-15 21:13:10.394924+00:00
[2021-12-15 21:18:20,463] {dag_processing.py:1062} INFO - Finding 'running' jobs without a recent heartbeat
[2021-12-15 21:18:20,468] {dag_processing.py:1066} INFO - Failing jobs without heartbeat after 2021-12-15 21:13:20.467997+00:00
[2021-12-15 21:18:30,496] {dag_processing.py:1062} INFO - Finding 'running' jobs without a recent heartbeat
[2021-12-15 21:18:30,499] {dag_processing.py:1066} INFO - Failing jobs without heartbeat after 2021-12-15 21:13:30.499427+00:00
[2021-12-15 21:18:40,562] {dag_processing.py:1062} INFO - Finding 'running' jobs without a recent heartbeat
[2021-12-15 21:18:40,564] {dag_processing.py:1066} INFO - Failing jobs without heartbeat after 2021-12-15 21:13:40.564601+00:00
[2021-12-15 21:18:50,656] {dag_processing.py:1062} INFO - Finding 'running' jobs without a recent heartbeat
[2021-12-15 21:18:50,658] {dag_processing.py:1066} INFO - Failing jobs without heartbeat after 2021-12-15 21:13:50.658491+00:00
[2021-12-15 21:19:00,710] {dag_processing.py:1062} INFO - Finding 'running' jobs without a recent heartbeat
[2021-12-15 21:19:00,713] {dag_processing.py:1066} INFO - Failing jobs without heartbeat after 2021-12-15 21:14:00.713157+00:00
[2021-12-15 21:19:10,792] {dag_processing.py:1062} INFO - Finding 'running' jobs without a recent heartbeat
[2021-12-15 21:19:10,794] {dag_processing.py:1066} INFO - Failing jobs without heartbeat after 2021-12-15 21:14:10.794593+00:00
[2021-12-15 21:19:20,851] {dag_processing.py:1062} INFO - Finding 'running' jobs without a recent heartbeat
[2021-12-15 21:19:20,855] {dag_processing.py:1066} INFO - Failing jobs without heartbeat after 2021-12-15 21:14:20.855468+00:00
[2021-12-15 21:19:30,910] {dag_processing.py:726} INFO - Searching for files in /opt/airflow/dags
[2021-12-15 21:19:30,915] {dag_processing.py:729} INFO - There are 0 files in /opt/airflow/dags
[2021-12-15 21:19:30,924] {dag_processing.py:1062} INFO - Finding 'running' jobs without a recent heartbeat
[2021-12-15 21:19:30,927] {dag_processing.py:1066} INFO - Failing jobs without heartbeat after 2021-12-15 21:14:30.926939+00:00
[2021-12-15 21:19:40,986] {dag_processing.py:1062} INFO - Finding 'running' jobs without a recent heartbeat
[2021-12-15 21:19:40,988] {dag_processing.py:1066} INFO - Failing jobs without heartbeat after 2021-12-15 21:14:40.988673+00:00
[2021-12-15 21:19:51,056] {dag_processing.py:1062} INFO - Finding 'running' jobs without a recent heartbeat
[2021-12-15 21:19:51,059] {dag_processing.py:1066} INFO - Failing jobs without heartbeat after 2021-12-15 21:14:51.059650+00:00
[2021-12-15 21:20:01,078] {dag_processing.py:1062} INFO - Finding 'running' jobs without a recent heartbeat
[2021-12-15 21:20:01,096] {dag_processing.py:1066} INFO - Failing jobs without heartbeat after 2021-12-15 21:15:01.096754+00:00
[2021-12-15 21:20:11,180] {dag_processing.py:1062} INFO - Finding 'running' jobs without a recent heartbeat
[2021-12-15 21:20:11,183] {dag_processing.py:1066} INFO - Failing jobs without heartbeat after 2021-12-15 21:15:11.183481+00:00
[2021-12-15 21:20:21,229] {dag_processing.py:1062} INFO - Finding 'running' jobs without a recent heartbeat
[2021-12-15 21:20:21,232] {dag_processing.py:1066} INFO - Failing jobs without heartbeat after 2021-12-15 21:15:21.232396+00:00
[2021-12-15 21:20:31,257] {dag_processing.py:1062} INFO - Finding 'running' jobs without a recent heartbeat
[2021-12-15 21:20:31,264] {dag_processing.py:1066} INFO - Failing jobs without heartbeat after 2021-12-15 21:15:31.264333+00:00
[2021-12-15 21:20:41,314] {dag_processing.py:1062} INFO - Finding 'running' jobs without a recent heartbeat
[2021-12-15 21:20:41,317] {dag_processing.py:1066} INFO - Failing jobs without heartbeat after 2021-12-15 21:15:41.317921+00:00
[2021-12-15 21:20:51,395] {dag_processing.py:1062} INFO - Finding 'running' jobs without a recent heartbeat
[2021-12-15 21:20:51,399] {dag_processing.py:1066} INFO - Failing jobs without heartbeat after 2021-12-15 21:15:51.399095+00:00
[2021-12-15 21:21:01,446] {dag_processing.py:1062} INFO - Finding 'running' jobs without a recent heartbeat
[2021-12-15 21:21:01,448] {dag_processing.py:1066} INFO - Failing jobs without heartbeat after 2021-12-15 21:16:01.448532+00:00
[2021-12-15 21:21:11,525] {dag_processing.py:1062} INFO - Finding 'running' jobs without a recent heartbeat
[2021-12-15 21:21:11,527] {dag_processing.py:1066} INFO - Failing jobs without heartbeat after 2021-12-15 21:16:11.527292+00:00
[2021-12-15 21:21:21,595] {dag_processing.py:1062} INFO - Finding 'running' jobs without a recent heartbeat
[2021-12-15 21:21:21,597] {dag_processing.py:1066} INFO - Failing jobs without heartbeat after 2021-12-15 21:16:21.597856+00:00
[2021-12-15 21:21:31,638] {dag_processing.py:1062} INFO - Finding 'running' jobs without a recent heartbeat
[2021-12-15 21:21:31,641] {dag_processing.py:1066} INFO - Failing jobs without heartbeat after 2021-12-15 21:16:31.641813+00:00
[2021-12-15 21:21:41,712] {dag_processing.py:1062} INFO - Finding 'running' jobs without a recent heartbeat
[2021-12-15 21:21:41,714] {dag_processing.py:1066} INFO - Failing jobs without heartbeat after 2021-12-15 21:16:41.714494+00:00
[2021-12-15 21:21:51,779] {dag_processing.py:1062} INFO - Finding 'running' jobs without a recent heartbeat
[2021-12-15 21:21:51,782] {dag_processing.py:1066} INFO - Failing jobs without heartbeat after 2021-12-15 21:16:51.782868+00:00
[2021-12-15 21:22:01,837] {dag_processing.py:1062} INFO - Finding 'running' jobs without a recent heartbeat
[2021-12-15 21:22:01,841] {dag_processing.py:1066} INFO - Failing jobs without heartbeat after 2021-12-15 21:17:01.841265+00:00
[2021-12-15 21:22:11,941] {dag_processing.py:1062} INFO - Finding 'running' jobs without a recent heartbeat
[2021-12-15 21:22:11,944] {dag_processing.py:1066} INFO - Failing jobs without heartbeat after 2021-12-15 21:17:11.944208+00:00
[2021-12-15 21:22:21,996] {dag_processing.py:1062} INFO - Finding 'running' jobs without a recent heartbeat
[2021-12-15 21:22:22,000] {dag_processing.py:1066} INFO - Failing jobs without heartbeat after 2021-12-15 21:17:21.999967+00:00
[2021-12-15 21:22:32,053] {dag_processing.py:1062} INFO - Finding 'running' jobs without a recent heartbeat
[2021-12-15 21:22:32,057] {dag_processing.py:1066} INFO - Failing jobs without heartbeat after 2021-12-15 21:17:32.057242+00:00
[2021-12-15 21:22:42,151] {dag_processing.py:1062} INFO - Finding 'running' jobs without a recent heartbeat
[2021-12-15 21:22:42,155] {dag_processing.py:1066} INFO - Failing jobs without heartbeat after 2021-12-15 21:17:42.155406+00:00
[2021-12-15 21:22:52,206] {dag_processing.py:1062} INFO - Finding 'running' jobs without a recent heartbeat
[2021-12-15 21:22:52,208] {dag_processing.py:1066} INFO - Failing jobs without heartbeat after 2021-12-15 21:17:52.208949+00:00
[2021-12-15 21:23:02,236] {dag_processing.py:1062} INFO - Finding 'running' jobs without a recent heartbeat
[2021-12-15 21:23:02,240] {dag_processing.py:1066} INFO - Failing jobs without heartbeat after 2021-12-15 21:18:02.240552+00:00
[2021-12-15 21:23:12,311] {dag_processing.py:1062} INFO - Finding 'running' jobs without a recent heartbeat
[2021-12-15 21:23:12,314] {dag_processing.py:1066} INFO - Failing jobs without heartbeat after 2021-12-15 21:18:12.314574+00:00
[2021-12-15 21:23:22,359] {dag_processing.py:1062} INFO - Finding 'running' jobs without a recent heartbeat
[2021-12-15 21:23:22,363] {dag_processing.py:1066} INFO - Failing jobs without heartbeat after 2021-12-15 21:18:22.363562+00:00
[2021-12-15 21:23:32,392] {dag_processing.py:1062} INFO - Finding 'running' jobs without a recent heartbeat
[2021-12-15 21:23:32,396] {dag_processing.py:1066} INFO - Failing jobs without heartbeat after 2021-12-15 21:18:32.396474+00:00
[2021-12-15 21:23:42,462] {dag_processing.py:1062} INFO - Finding 'running' jobs without a recent heartbeat
[2021-12-15 21:23:42,466] {dag_processing.py:1066} INFO - Failing jobs without heartbeat after 2021-12-15 21:18:42.466381+00:00
[2021-12-15 21:23:52,515] {dag_processing.py:1062} INFO - Finding 'running' jobs without a recent heartbeat
[2021-12-15 21:23:52,518] {dag_processing.py:1066} INFO - Failing jobs without heartbeat after 2021-12-15 21:18:52.518513+00:00
[2021-12-15 21:24:02,538] {dag_processing.py:1062} INFO - Finding 'running' jobs without a recent heartbeat
[2021-12-15 21:24:02,543] {dag_processing.py:1066} INFO - Failing jobs without heartbeat after 2021-12-15 21:19:02.543388+00:00
[2021-12-15 21:24:12,617] {dag_processing.py:1062} INFO - Finding 'running' jobs without a recent heartbeat
[2021-12-15 21:24:12,620] {dag_processing.py:1066} INFO - Failing jobs without heartbeat after 2021-12-15 21:19:12.620831+00:00
[2021-12-15 21:24:22,664] {dag_processing.py:1062} INFO - Finding 'running' jobs without a recent heartbeat
[2021-12-15 21:24:22,672] {dag_processing.py:1066} INFO - Failing jobs without heartbeat after 2021-12-15 21:19:22.672153+00:00
[2021-12-15 21:24:31,697] {dag_processing.py:726} INFO - Searching for files in /opt/airflow/dags
[2021-12-15 21:24:31,702] {dag_processing.py:729} INFO - There are 0 files in /opt/airflow/dags
[2021-12-15 21:24:32,725] {dag_processing.py:1062} INFO - Finding 'running' jobs without a recent heartbeat
[2021-12-15 21:24:32,728] {dag_processing.py:1066} INFO - Failing jobs without heartbeat after 2021-12-15 21:19:32.728679+00:00
[2021-12-15 21:24:42,791] {dag_processing.py:1062} INFO - Finding 'running' jobs without a recent heartbeat
[2021-12-15 21:24:42,797] {dag_processing.py:1066} INFO - Failing jobs without heartbeat after 2021-12-15 21:19:42.797231+00:00
[2021-12-15 21:24:52,840] {dag_processing.py:1062} INFO - Finding 'running' jobs without a recent heartbeat
[2021-12-15 21:24:52,843] {dag_processing.py:1066} INFO - Failing jobs without heartbeat after 2021-12-15 21:19:52.843057+00:00
[2021-12-15 21:25:02,867] {dag_processing.py:1062} INFO - Finding 'running' jobs without a recent heartbeat
[2021-12-15 21:25:02,870] {dag_processing.py:1066} INFO - Failing jobs without heartbeat after 2021-12-15 21:20:02.870455+00:00
[2021-12-15 21:25:12,938] {dag_processing.py:1062} INFO - Finding 'running' jobs without a recent heartbeat
[2021-12-15 21:25:12,942] {dag_processing.py:1066} INFO - Failing jobs without heartbeat after 2021-12-15 21:20:12.942857+00:00
[2021-12-15 21:25:22,978] {dag_processing.py:1062} INFO - Finding 'running' jobs without a recent heartbeat
[2021-12-15 21:25:22,981] {dag_processing.py:1066} INFO - Failing jobs without heartbeat after 2021-12-15 21:20:22.981582+00:00
[2021-12-15 21:25:33,022] {dag_processing.py:1062} INFO - Finding 'running' jobs without a recent heartbeat
[2021-12-15 21:25:33,026] {dag_processing.py:1066} INFO - Failing jobs without heartbeat after 2021-12-15 21:20:33.026618+00:00
[2021-12-15 21:25:43,097] {dag_processing.py:1062} INFO - Finding 'running' jobs without a recent heartbeat
[2021-12-15 21:25:43,101] {dag_processing.py:1066} INFO - Failing jobs without heartbeat after 2021-12-15 21:20:43.101232+00:00
[2021-12-15 21:25:53,145] {dag_processing.py:1062} INFO - Finding 'running' jobs without a recent heartbeat
[2021-12-15 21:25:53,147] {dag_processing.py:1066} INFO - Failing jobs without heartbeat after 2021-12-15 21:20:53.147154+00:00
[2021-12-15 21:26:03,189] {dag_processing.py:1062} INFO - Finding 'running' jobs without a recent heartbeat
[2021-12-15 21:26:03,193] {dag_processing.py:1066} INFO - Failing jobs without heartbeat after 2021-12-15 21:21:03.193081+00:00
[2021-12-15 21:26:13,285] {dag_processing.py:1062} INFO - Finding 'running' jobs without a recent heartbeat
[2021-12-15 21:26:13,289] {dag_processing.py:1066} INFO - Failing jobs without heartbeat after 2021-12-15 21:21:13.289649+00:00
[2021-12-15 21:26:23,346] {dag_processing.py:1062} INFO - Finding 'running' jobs without a recent heartbeat
[2021-12-15 21:26:23,350] {dag_processing.py:1066} INFO - Failing jobs without heartbeat after 2021-12-15 21:21:23.349966+00:00
[2021-12-15 21:26:33,365] {dag_processing.py:1062} INFO - Finding 'running' jobs without a recent heartbeat
[2021-12-15 21:26:33,370] {dag_processing.py:1066} INFO - Failing jobs without heartbeat after 2021-12-15 21:21:33.370385+00:00
[2021-12-15 21:26:43,460] {dag_processing.py:1062} INFO - Finding 'running' jobs without a recent heartbeat
[2021-12-15 21:26:43,463] {dag_processing.py:1066} INFO - Failing jobs without heartbeat after 2021-12-15 21:21:43.463869+00:00
[2021-12-15 21:26:53,507] {dag_processing.py:1062} INFO - Finding 'running' jobs without a recent heartbeat
[2021-12-15 21:26:53,508] {dag_processing.py:1066} INFO - Failing jobs without heartbeat after 2021-12-15 21:21:53.508953+00:00
[2021-12-15 21:27:03,540] {dag_processing.py:1062} INFO - Finding 'running' jobs without a recent heartbeat
[2021-12-15 21:27:03,543] {dag_processing.py:1066} INFO - Failing jobs without heartbeat after 2021-12-15 21:22:03.543154+00:00
[2021-12-15 21:27:13,646] {dag_processing.py:1062} INFO - Finding 'running' jobs without a recent heartbeat
[2021-12-15 21:27:13,650] {dag_processing.py:1066} INFO - Failing jobs without heartbeat after 2021-12-15 21:22:13.650397+00:00
[2021-12-15 21:27:23,703] {dag_processing.py:1062} INFO - Finding 'running' jobs without a recent heartbeat
[2021-12-15 21:27:23,705] {dag_processing.py:1066} INFO - Failing jobs without heartbeat after 2021-12-15 21:22:23.705454+00:00
[2021-12-15 21:27:33,738] {dag_processing.py:1062} INFO - Finding 'running' jobs without a recent heartbeat
[2021-12-15 21:27:33,740] {dag_processing.py:1066} INFO - Failing jobs without heartbeat after 2021-12-15 21:22:33.740575+00:00
[2021-12-15 21:27:43,815] {dag_processing.py:1062} INFO - Finding 'running' jobs without a recent heartbeat
[2021-12-15 21:27:43,819] {dag_processing.py:1066} INFO - Failing jobs without heartbeat after 2021-12-15 21:22:43.819122+00:00
[2021-12-15 21:27:53,896] {dag_processing.py:1062} INFO - Finding 'running' jobs without a recent heartbeat
[2021-12-15 21:27:53,898] {dag_processing.py:1066} INFO - Failing jobs without heartbeat after 2021-12-15 21:22:53.898507+00:00
[2021-12-15 21:28:03,930] {dag_processing.py:1062} INFO - Finding 'running' jobs without a recent heartbeat
[2021-12-15 21:28:03,933] {dag_processing.py:1066} INFO - Failing jobs without heartbeat after 2021-12-15 21:23:03.933759+00:00
[2021-12-15 21:28:14,003] {dag_processing.py:1062} INFO - Finding 'running' jobs without a recent heartbeat
[2021-12-15 21:28:14,009] {dag_processing.py:1066} INFO - Failing jobs without heartbeat after 2021-12-15 21:23:14.009198+00:00
[2021-12-15 21:28:24,076] {dag_processing.py:1062} INFO - Finding 'running' jobs without a recent heartbeat
[2021-12-15 21:28:24,078] {dag_processing.py:1066} INFO - Failing jobs without heartbeat after 2021-12-15 21:23:24.078747+00:00
[2021-12-15 21:28:34,087] {dag_processing.py:1062} INFO - Finding 'running' jobs without a recent heartbeat
[2021-12-15 21:28:34,090] {dag_processing.py:1066} INFO - Failing jobs without heartbeat after 2021-12-15 21:23:34.090775+00:00
[2021-12-15 21:28:44,153] {dag_processing.py:1062} INFO - Finding 'running' jobs without a recent heartbeat
[2021-12-15 21:28:44,155] {dag_processing.py:1066} INFO - Failing jobs without heartbeat after 2021-12-15 21:23:44.155790+00:00
[2021-12-15 21:28:54,222] {dag_processing.py:1062} INFO - Finding 'running' jobs without a recent heartbeat
[2021-12-15 21:28:54,224] {dag_processing.py:1066} INFO - Failing jobs without heartbeat after 2021-12-15 21:23:54.224241+00:00
[2021-12-15 21:29:04,246] {dag_processing.py:1062} INFO - Finding 'running' jobs without a recent heartbeat
[2021-12-15 21:29:04,248] {dag_processing.py:1066} INFO - Failing jobs without heartbeat after 2021-12-15 21:24:04.248899+00:00
[2021-12-15 21:29:14,311] {dag_processing.py:1062} INFO - Finding 'running' jobs without a recent heartbeat
[2021-12-15 21:29:14,315] {dag_processing.py:1066} INFO - Failing jobs without heartbeat after 2021-12-15 21:24:14.315399+00:00
[2021-12-15 21:29:24,400] {dag_processing.py:1062} INFO - Finding 'running' jobs without a recent heartbeat
[2021-12-15 21:29:24,402] {dag_processing.py:1066} INFO - Failing jobs without heartbeat after 2021-12-15 21:24:24.402206+00:00
[2021-12-15 21:29:32,408] {dag_processing.py:726} INFO - Searching for files in /opt/airflow/dags
[2021-12-15 21:29:32,413] {dag_processing.py:729} INFO - There are 0 files in /opt/airflow/dags
[2021-12-15 21:29:34,430] {dag_processing.py:1062} INFO - Finding 'running' jobs without a recent heartbeat
[2021-12-15 21:29:34,433] {dag_processing.py:1066} INFO - Failing jobs without heartbeat after 2021-12-15 21:24:34.433583+00:00
[2021-12-15 21:29:44,482] {dag_processing.py:1062} INFO - Finding 'running' jobs without a recent heartbeat
[2021-12-15 21:29:44,484] {dag_processing.py:1066} INFO - Failing jobs without heartbeat after 2021-12-15 21:24:44.484450+00:00
[2021-12-15 21:29:54,527] {dag_processing.py:1062} INFO - Finding 'running' jobs without a recent heartbeat
[2021-12-15 21:29:54,532] {dag_processing.py:1066} INFO - Failing jobs without heartbeat after 2021-12-15 21:24:54.532467+00:00
[2021-12-15 21:30:04,549] {dag_processing.py:1062} INFO - Finding 'running' jobs without a recent heartbeat
[2021-12-15 21:30:04,551] {dag_processing.py:1066} INFO - Failing jobs without heartbeat after 2021-12-15 21:25:04.551900+00:00
[2021-12-15 21:30:14,616] {dag_processing.py:1062} INFO - Finding 'running' jobs without a recent heartbeat
[2021-12-15 21:30:14,618] {dag_processing.py:1066} INFO - Failing jobs without heartbeat after 2021-12-15 21:25:14.618655+00:00
[2021-12-15 21:30:24,699] {dag_processing.py:1062} INFO - Finding 'running' jobs without a recent heartbeat
[2021-12-15 21:30:24,703] {dag_processing.py:1066} INFO - Failing jobs without heartbeat after 2021-12-15 21:25:24.703335+00:00
[2021-12-15 21:30:34,710] {dag_processing.py:1062} INFO - Finding 'running' jobs without a recent heartbeat
[2021-12-15 21:30:34,717] {dag_processing.py:1066} INFO - Failing jobs without heartbeat after 2021-12-15 21:25:34.717454+00:00
[2021-12-15 21:30:44,783] {dag_processing.py:1062} INFO - Finding 'running' jobs without a recent heartbeat
[2021-12-15 21:30:44,787] {dag_processing.py:1066} INFO - Failing jobs without heartbeat after 2021-12-15 21:25:44.787063+00:00
[2021-12-15 21:30:54,870] {dag_processing.py:1062} INFO - Finding 'running' jobs without a recent heartbeat
[2021-12-15 21:30:54,872] {dag_processing.py:1066} INFO - Failing jobs without heartbeat after 2021-12-15 21:25:54.872744+00:00
[2021-12-15 21:31:04,884] {dag_processing.py:1062} INFO - Finding 'running' jobs without a recent heartbeat
[2021-12-15 21:31:04,886] {dag_processing.py:1066} INFO - Failing jobs without heartbeat after 2021-12-15 21:26:04.886407+00:00
[2021-12-15 21:31:14,948] {dag_processing.py:1062} INFO - Finding 'running' jobs without a recent heartbeat
[2021-12-15 21:31:14,951] {dag_processing.py:1066} INFO - Failing jobs without heartbeat after 2021-12-15 21:26:14.951637+00:00
[2021-12-15 21:31:24,996] {dag_processing.py:1062} INFO - Finding 'running' jobs without a recent heartbeat
[2021-12-15 21:31:25,000] {dag_processing.py:1066} INFO - Failing jobs without heartbeat after 2021-12-15 21:26:25.000680+00:00
[2021-12-15 21:31:36,010] {dag_processing.py:1062} INFO - Finding 'running' jobs without a recent heartbeat
[2021-12-15 21:31:36,013] {dag_processing.py:1066} INFO - Failing jobs without heartbeat after 2021-12-15 21:26:36.013268+00:00
[2021-12-15 21:31:46,081] {dag_processing.py:1062} INFO - Finding 'running' jobs without a recent heartbeat
[2021-12-15 21:31:46,085] {dag_processing.py:1066} INFO - Failing jobs without heartbeat after 2021-12-15 21:26:46.085067+00:00
[2021-12-15 21:31:56,178] {dag_processing.py:1062} INFO - Finding 'running' jobs without a recent heartbeat
[2021-12-15 21:31:56,181] {dag_processing.py:1066} INFO - Failing jobs without heartbeat after 2021-12-15 21:26:56.181696+00:00
[2021-12-15 21:32:06,193] {dag_processing.py:1062} INFO - Finding 'running' jobs without a recent heartbeat
[2021-12-15 21:32:06,197] {dag_processing.py:1066} INFO - Failing jobs without heartbeat after 2021-12-15 21:27:06.197529+00:00
[2021-12-15 21:32:16,274] {dag_processing.py:1062} INFO - Finding 'running' jobs without a recent heartbeat
[2021-12-15 21:32:16,276] {dag_processing.py:1066} INFO - Failing jobs without heartbeat after 2021-12-15 21:27:16.276700+00:00
[2021-12-15 21:32:26,359] {dag_processing.py:1062} INFO - Finding 'running' jobs without a recent heartbeat
[2021-12-15 21:32:26,363] {dag_processing.py:1066} INFO - Failing jobs without heartbeat after 2021-12-15 21:27:26.363550+00:00
[2021-12-15 21:32:36,380] {dag_processing.py:1062} INFO - Finding 'running' jobs without a recent heartbeat
[2021-12-15 21:32:36,384] {dag_processing.py:1066} INFO - Failing jobs without heartbeat after 2021-12-15 21:27:36.384199+00:00
[2021-12-15 21:32:46,444] {dag_processing.py:1062} INFO - Finding 'running' jobs without a recent heartbeat
[2021-12-15 21:32:46,447] {dag_processing.py:1066} INFO - Failing jobs without heartbeat after 2021-12-15 21:27:46.447859+00:00
[2021-12-15 21:32:56,532] {dag_processing.py:1062} INFO - Finding 'running' jobs without a recent heartbeat
[2021-12-15 21:32:56,535] {dag_processing.py:1066} INFO - Failing jobs without heartbeat after 2021-12-15 21:27:56.535503+00:00
[2021-12-15 21:33:06,558] {dag_processing.py:1062} INFO - Finding 'running' jobs without a recent heartbeat
[2021-12-15 21:33:06,561] {dag_processing.py:1066} INFO - Failing jobs without heartbeat after 2021-12-15 21:28:06.561774+00:00
[2021-12-15 21:33:16,610] {dag_processing.py:1062} INFO - Finding 'running' jobs without a recent heartbeat
[2021-12-15 21:33:16,613] {dag_processing.py:1066} INFO - Failing jobs without heartbeat after 2021-12-15 21:28:16.613404+00:00
[2021-12-15 21:33:26,686] {dag_processing.py:1062} INFO - Finding 'running' jobs without a recent heartbeat
[2021-12-15 21:33:26,689] {dag_processing.py:1066} INFO - Failing jobs without heartbeat after 2021-12-15 21:28:26.689457+00:00
[2021-12-15 21:33:36,699] {dag_processing.py:1062} INFO - Finding 'running' jobs without a recent heartbeat
[2021-12-15 21:33:36,701] {dag_processing.py:1066} INFO - Failing jobs without heartbeat after 2021-12-15 21:28:36.701442+00:00
[2021-12-15 21:33:46,784] {dag_processing.py:1062} INFO - Finding 'running' jobs without a recent heartbeat
[2021-12-15 21:33:46,787] {dag_processing.py:1066} INFO - Failing jobs without heartbeat after 2021-12-15 21:28:46.787527+00:00
[2021-12-15 21:33:56,884] {dag_processing.py:1062} INFO - Finding 'running' jobs without a recent heartbeat
[2021-12-15 21:33:56,887] {dag_processing.py:1066} INFO - Failing jobs without heartbeat after 2021-12-15 21:28:56.887357+00:00
[2021-12-15 21:34:07,900] {dag_processing.py:1062} INFO - Finding 'running' jobs without a recent heartbeat
[2021-12-15 21:34:07,903] {dag_processing.py:1066} INFO - Failing jobs without heartbeat after 2021-12-15 21:29:07.903707+00:00
[2021-12-15 21:34:17,999] {dag_processing.py:1062} INFO - Finding 'running' jobs without a recent heartbeat
[2021-12-15 21:34:18,004] {dag_processing.py:1066} INFO - Failing jobs without heartbeat after 2021-12-15 21:29:18.003932+00:00
[2021-12-15 21:34:28,092] {dag_processing.py:1062} INFO - Finding 'running' jobs without a recent heartbeat
[2021-12-15 21:34:28,095] {dag_processing.py:1066} INFO - Failing jobs without heartbeat after 2021-12-15 21:29:28.095749+00:00
[2021-12-15 21:34:33,098] {dag_processing.py:726} INFO - Searching for files in /opt/airflow/dags
[2021-12-15 21:34:33,101] {dag_processing.py:729} INFO - There are 0 files in /opt/airflow/dags
[2021-12-15 21:34:38,121] {dag_processing.py:1062} INFO - Finding 'running' jobs without a recent heartbeat
[2021-12-15 21:34:38,123] {dag_processing.py:1066} INFO - Failing jobs without heartbeat after 2021-12-15 21:29:38.123503+00:00
[2021-12-15 21:34:48,211] {dag_processing.py:1062} INFO - Finding 'running' jobs without a recent heartbeat
[2021-12-15 21:34:48,214] {dag_processing.py:1066} INFO - Failing jobs without heartbeat after 2021-12-15 21:29:48.214445+00:00
[2021-12-15 21:34:58,251] {dag_processing.py:1062} INFO - Finding 'running' jobs without a recent heartbeat
[2021-12-15 21:34:58,254] {dag_processing.py:1066} INFO - Failing jobs without heartbeat after 2021-12-15 21:29:58.254136+00:00
[2021-12-15 21:35:09,253] {dag_processing.py:1062} INFO - Finding 'running' jobs without a recent heartbeat
[2021-12-15 21:35:09,256] {dag_processing.py:1066} INFO - Failing jobs without heartbeat after 2021-12-15 21:30:09.256395+00:00
[2021-12-15 21:35:19,336] {dag_processing.py:1062} INFO - Finding 'running' jobs without a recent heartbeat
[2021-12-15 21:35:19,339] {dag_processing.py:1066} INFO - Failing jobs without heartbeat after 2021-12-15 21:30:19.339890+00:00
[2021-12-15 21:35:29,366] {dag_processing.py:1062} INFO - Finding 'running' jobs without a recent heartbeat
[2021-12-15 21:35:29,368] {dag_processing.py:1066} INFO - Failing jobs without heartbeat after 2021-12-15 21:30:29.368836+00:00
[2021-12-15 21:35:39,415] {dag_processing.py:1062} INFO - Finding 'running' jobs without a recent heartbeat
[2021-12-15 21:35:39,417] {dag_processing.py:1066} INFO - Failing jobs without heartbeat after 2021-12-15 21:30:39.417214+00:00
[2021-12-15 21:35:49,505] {dag_processing.py:1062} INFO - Finding 'running' jobs without a recent heartbeat
[2021-12-15 21:35:49,509] {dag_processing.py:1066} INFO - Failing jobs without heartbeat after 2021-12-15 21:30:49.509463+00:00
[2021-12-15 21:35:59,555] {dag_processing.py:1062} INFO - Finding 'running' jobs without a recent heartbeat
[2021-12-15 21:35:59,558] {dag_processing.py:1066} INFO - Failing jobs without heartbeat after 2021-12-15 21:30:59.557871+00:00
[2021-12-15 21:36:09,614] {dag_processing.py:1062} INFO - Finding 'running' jobs without a recent heartbeat
[2021-12-15 21:36:09,616] {dag_processing.py:1066} INFO - Failing jobs without heartbeat after 2021-12-15 21:31:09.616826+00:00
[2021-12-15 21:36:19,689] {dag_processing.py:1062} INFO - Finding 'running' jobs without a recent heartbeat
[2021-12-15 21:36:19,693] {dag_processing.py:1066} INFO - Failing jobs without heartbeat after 2021-12-15 21:31:19.693044+00:00
[2021-12-15 21:36:29,726] {dag_processing.py:1062} INFO - Finding 'running' jobs without a recent heartbeat
[2021-12-15 21:36:29,730] {dag_processing.py:1066} INFO - Failing jobs without heartbeat after 2021-12-15 21:31:29.730822+00:00
[2021-12-15 21:36:39,781] {dag_processing.py:1062} INFO - Finding 'running' jobs without a recent heartbeat
[2021-12-15 21:36:39,783] {dag_processing.py:1066} INFO - Failing jobs without heartbeat after 2021-12-15 21:31:39.783689+00:00
[2021-12-15 21:36:49,861] {dag_processing.py:1062} INFO - Finding 'running' jobs without a recent heartbeat
[2021-12-15 21:36:49,863] {dag_processing.py:1066} INFO - Failing jobs without heartbeat after 2021-12-15 21:31:49.863680+00:00
[2021-12-15 21:36:59,919] {dag_processing.py:1062} INFO - Finding 'running' jobs without a recent heartbeat
[2021-12-15 21:36:59,920] {dag_processing.py:1066} INFO - Failing jobs without heartbeat after 2021-12-15 21:31:59.920955+00:00
[2021-12-15 21:37:09,966] {dag_processing.py:1062} INFO - Finding 'running' jobs without a recent heartbeat
[2021-12-15 21:37:09,969] {dag_processing.py:1066} INFO - Failing jobs without heartbeat after 2021-12-15 21:32:09.969078+00:00
[2021-12-15 21:37:20,036] {dag_processing.py:1062} INFO - Finding 'running' jobs without a recent heartbeat
[2021-12-15 21:37:20,039] {dag_processing.py:1066} INFO - Failing jobs without heartbeat after 2021-12-15 21:32:20.039412+00:00
[2021-12-15 21:37:30,064] {dag_processing.py:1062} INFO - Finding 'running' jobs without a recent heartbeat
[2021-12-15 21:37:30,069] {dag_processing.py:1066} INFO - Failing jobs without heartbeat after 2021-12-15 21:32:30.069015+00:00
[2021-12-15 21:37:40,129] {dag_processing.py:1062} INFO - Finding 'running' jobs without a recent heartbeat
[2021-12-15 21:37:40,131] {dag_processing.py:1066} INFO - Failing jobs without heartbeat after 2021-12-15 21:32:40.131527+00:00
[2021-12-15 21:37:50,203] {dag_processing.py:1062} INFO - Finding 'running' jobs without a recent heartbeat
[2021-12-15 21:37:50,206] {dag_processing.py:1066} INFO - Failing jobs without heartbeat after 2021-12-15 21:32:50.206666+00:00
[2021-12-15 21:38:00,225] {dag_processing.py:1062} INFO - Finding 'running' jobs without a recent heartbeat
[2021-12-15 21:38:00,228] {dag_processing.py:1066} INFO - Failing jobs without heartbeat after 2021-12-15 21:33:00.228692+00:00
[2021-12-15 21:38:10,310] {dag_processing.py:1062} INFO - Finding 'running' jobs without a recent heartbeat
[2021-12-15 21:38:10,321] {dag_processing.py:1066} INFO - Failing jobs without heartbeat after 2021-12-15 21:33:10.321437+00:00
[2021-12-15 21:38:20,379] {dag_processing.py:1062} INFO - Finding 'running' jobs without a recent heartbeat
[2021-12-15 21:38:20,383] {dag_processing.py:1066} INFO - Failing jobs without heartbeat after 2021-12-15 21:33:20.383102+00:00
[2021-12-15 21:38:30,436] {dag_processing.py:1062} INFO - Finding 'running' jobs without a recent heartbeat
[2021-12-15 21:38:30,438] {dag_processing.py:1066} INFO - Failing jobs without heartbeat after 2021-12-15 21:33:30.438899+00:00
[2021-12-15 21:38:40,508] {dag_processing.py:1062} INFO - Finding 'running' jobs without a recent heartbeat
[2021-12-15 21:38:40,511] {dag_processing.py:1066} INFO - Failing jobs without heartbeat after 2021-12-15 21:33:40.511308+00:00
[2021-12-15 21:38:50,581] {dag_processing.py:1062} INFO - Finding 'running' jobs without a recent heartbeat
[2021-12-15 21:38:50,584] {dag_processing.py:1066} INFO - Failing jobs without heartbeat after 2021-12-15 21:33:50.584289+00:00
[2021-12-15 21:39:00,655] {dag_processing.py:1062} INFO - Finding 'running' jobs without a recent heartbeat
[2021-12-15 21:39:00,658] {dag_processing.py:1066} INFO - Failing jobs without heartbeat after 2021-12-15 21:34:00.658482+00:00
[2021-12-15 21:39:10,729] {dag_processing.py:1062} INFO - Finding 'running' jobs without a recent heartbeat
[2021-12-15 21:39:10,731] {dag_processing.py:1066} INFO - Failing jobs without heartbeat after 2021-12-15 21:34:10.731812+00:00
[2021-12-15 21:39:20,785] {dag_processing.py:1062} INFO - Finding 'running' jobs without a recent heartbeat
[2021-12-15 21:39:20,788] {dag_processing.py:1066} INFO - Failing jobs without heartbeat after 2021-12-15 21:34:20.788498+00:00
[2021-12-15 21:39:30,828] {dag_processing.py:1062} INFO - Finding 'running' jobs without a recent heartbeat
[2021-12-15 21:39:30,830] {dag_processing.py:1066} INFO - Failing jobs without heartbeat after 2021-12-15 21:34:30.830629+00:00
[2021-12-15 21:39:33,860] {dag_processing.py:726} INFO - Searching for files in /opt/airflow/dags
[2021-12-15 21:39:33,865] {dag_processing.py:729} INFO - There are 0 files in /opt/airflow/dags
[2021-12-15 21:39:40,916] {dag_processing.py:1062} INFO - Finding 'running' jobs without a recent heartbeat
[2021-12-15 21:39:40,918] {dag_processing.py:1066} INFO - Failing jobs without heartbeat after 2021-12-15 21:34:40.918068+00:00
[2021-12-15 21:39:50,951] {dag_processing.py:1062} INFO - Finding 'running' jobs without a recent heartbeat
[2021-12-15 21:39:50,955] {dag_processing.py:1066} INFO - Failing jobs without heartbeat after 2021-12-15 21:34:50.955248+00:00
[2021-12-15 21:40:00,989] {dag_processing.py:1062} INFO - Finding 'running' jobs without a recent heartbeat
[2021-12-15 21:40:00,992] {dag_processing.py:1066} INFO - Failing jobs without heartbeat after 2021-12-15 21:35:00.992723+00:00
[2021-12-15 21:40:11,054] {dag_processing.py:1062} INFO - Finding 'running' jobs without a recent heartbeat
[2021-12-15 21:40:11,056] {dag_processing.py:1066} INFO - Failing jobs without heartbeat after 2021-12-15 21:35:11.056296+00:00
[2021-12-15 21:40:21,098] {dag_processing.py:1062} INFO - Finding 'running' jobs without a recent heartbeat
[2021-12-15 21:40:21,101] {dag_processing.py:1066} INFO - Failing jobs without heartbeat after 2021-12-15 21:35:21.100978+00:00
[2021-12-15 21:40:31,141] {dag_processing.py:1062} INFO - Finding 'running' jobs without a recent heartbeat
[2021-12-15 21:40:31,143] {dag_processing.py:1066} INFO - Failing jobs without heartbeat after 2021-12-15 21:35:31.143910+00:00
[2021-12-15 21:40:41,200] {dag_processing.py:1062} INFO - Finding 'running' jobs without a recent heartbeat
[2021-12-15 21:40:41,202] {dag_processing.py:1066} INFO - Failing jobs without heartbeat after 2021-12-15 21:35:41.202486+00:00
[2021-12-15 21:40:51,255] {dag_processing.py:1062} INFO - Finding 'running' jobs without a recent heartbeat
[2021-12-15 21:40:51,259] {dag_processing.py:1066} INFO - Failing jobs without heartbeat after 2021-12-15 21:35:51.259067+00:00
[2021-12-15 21:41:01,309] {dag_processing.py:1062} INFO - Finding 'running' jobs without a recent heartbeat
[2021-12-15 21:41:01,312] {dag_processing.py:1066} INFO - Failing jobs without heartbeat after 2021-12-15 21:36:01.311972+00:00
[2021-12-15 21:41:11,394] {dag_processing.py:1062} INFO - Finding 'running' jobs without a recent heartbeat
[2021-12-15 21:41:11,399] {dag_processing.py:1066} INFO - Failing jobs without heartbeat after 2021-12-15 21:36:11.399291+00:00
[2021-12-15 21:41:21,441] {dag_processing.py:1062} INFO - Finding 'running' jobs without a recent heartbeat
[2021-12-15 21:41:21,444] {dag_processing.py:1066} INFO - Failing jobs without heartbeat after 2021-12-15 21:36:21.444878+00:00
[2021-12-15 21:41:31,463] {dag_processing.py:1062} INFO - Finding 'running' jobs without a recent heartbeat
[2021-12-15 21:41:31,466] {dag_processing.py:1066} INFO - Failing jobs without heartbeat after 2021-12-15 21:36:31.466496+00:00
[2021-12-15 21:41:41,520] {dag_processing.py:1062} INFO - Finding 'running' jobs without a recent heartbeat
[2021-12-15 21:41:41,523] {dag_processing.py:1066} INFO - Failing jobs without heartbeat after 2021-12-15 21:36:41.523634+00:00
[2021-12-15 21:41:51,562] {dag_processing.py:1062} INFO - Finding 'running' jobs without a recent heartbeat
[2021-12-15 21:41:51,566] {dag_processing.py:1066} INFO - Failing jobs without heartbeat after 2021-12-15 21:36:51.566474+00:00
[2021-12-15 21:42:01,577] {dag_processing.py:1062} INFO - Finding 'running' jobs without a recent heartbeat
[2021-12-15 21:42:01,581] {dag_processing.py:1066} INFO - Failing jobs without heartbeat after 2021-12-15 21:37:01.580988+00:00
[2021-12-15 21:42:11,623] {dag_processing.py:1062} INFO - Finding 'running' jobs without a recent heartbeat
[2021-12-15 21:42:11,626] {dag_processing.py:1066} INFO - Failing jobs without heartbeat after 2021-12-15 21:37:11.626252+00:00
[2021-12-15 21:42:21,666] {dag_processing.py:1062} INFO - Finding 'running' jobs without a recent heartbeat
[2021-12-15 21:42:21,670] {dag_processing.py:1066} INFO - Failing jobs without heartbeat after 2021-12-15 21:37:21.670106+00:00
[2021-12-15 21:42:31,686] {dag_processing.py:1062} INFO - Finding 'running' jobs without a recent heartbeat
[2021-12-15 21:42:31,689] {dag_processing.py:1066} INFO - Failing jobs without heartbeat after 2021-12-15 21:37:31.689595+00:00
[2021-12-15 21:42:41,746] {dag_processing.py:1062} INFO - Finding 'running' jobs without a recent heartbeat
[2021-12-15 21:42:41,749] {dag_processing.py:1066} INFO - Failing jobs without heartbeat after 2021-12-15 21:37:41.749189+00:00
[2021-12-15 21:42:51,786] {dag_processing.py:1062} INFO - Finding 'running' jobs without a recent heartbeat
[2021-12-15 21:42:51,788] {dag_processing.py:1066} INFO - Failing jobs without heartbeat after 2021-12-15 21:37:51.788517+00:00
[2021-12-15 21:43:01,808] {dag_processing.py:1062} INFO - Finding 'running' jobs without a recent heartbeat
[2021-12-15 21:43:01,812] {dag_processing.py:1066} INFO - Failing jobs without heartbeat after 2021-12-15 21:38:01.812145+00:00
[2021-12-15 21:43:11,869] {dag_processing.py:1062} INFO - Finding 'running' jobs without a recent heartbeat
[2021-12-15 21:43:11,871] {dag_processing.py:1066} INFO - Failing jobs without heartbeat after 2021-12-15 21:38:11.871734+00:00
[2021-12-15 21:43:21,906] {dag_processing.py:1062} INFO - Finding 'running' jobs without a recent heartbeat
[2021-12-15 21:43:21,909] {dag_processing.py:1066} INFO - Failing jobs without heartbeat after 2021-12-15 21:38:21.909379+00:00
[2021-12-15 21:43:31,928] {dag_processing.py:1062} INFO - Finding 'running' jobs without a recent heartbeat
[2021-12-15 21:43:31,932] {dag_processing.py:1066} INFO - Failing jobs without heartbeat after 2021-12-15 21:38:31.931813+00:00
[2021-12-15 21:43:42,001] {dag_processing.py:1062} INFO - Finding 'running' jobs without a recent heartbeat
[2021-12-15 21:43:42,005] {dag_processing.py:1066} INFO - Failing jobs without heartbeat after 2021-12-15 21:38:42.005209+00:00
[2021-12-15 21:43:52,057] {dag_processing.py:1062} INFO - Finding 'running' jobs without a recent heartbeat
[2021-12-15 21:43:52,059] {dag_processing.py:1066} INFO - Failing jobs without heartbeat after 2021-12-15 21:38:52.059414+00:00
[2021-12-15 21:44:02,087] {dag_processing.py:1062} INFO - Finding 'running' jobs without a recent heartbeat
[2021-12-15 21:44:02,090] {dag_processing.py:1066} INFO - Failing jobs without heartbeat after 2021-12-15 21:39:02.090473+00:00
[2021-12-15 21:44:12,147] {dag_processing.py:1062} INFO - Finding 'running' jobs without a recent heartbeat
[2021-12-15 21:44:12,151] {dag_processing.py:1066} INFO - Failing jobs without heartbeat after 2021-12-15 21:39:12.151577+00:00
[2021-12-15 21:44:22,194] {dag_processing.py:1062} INFO - Finding 'running' jobs without a recent heartbeat
[2021-12-15 21:44:22,197] {dag_processing.py:1066} INFO - Failing jobs without heartbeat after 2021-12-15 21:39:22.197462+00:00
[2021-12-15 21:44:33,204] {dag_processing.py:1062} INFO - Finding 'running' jobs without a recent heartbeat
[2021-12-15 21:44:33,206] {dag_processing.py:1066} INFO - Failing jobs without heartbeat after 2021-12-15 21:39:33.206269+00:00
[2021-12-15 21:44:34,217] {dag_processing.py:726} INFO - Searching for files in /opt/airflow/dags
[2021-12-15 21:44:34,222] {dag_processing.py:729} INFO - There are 0 files in /opt/airflow/dags
[2021-12-15 21:44:43,270] {dag_processing.py:1062} INFO - Finding 'running' jobs without a recent heartbeat
[2021-12-15 21:44:43,274] {dag_processing.py:1066} INFO - Failing jobs without heartbeat after 2021-12-15 21:39:43.273986+00:00
[2021-12-15 21:44:53,319] {dag_processing.py:1062} INFO - Finding 'running' jobs without a recent heartbeat
[2021-12-15 21:44:53,323] {dag_processing.py:1066} INFO - Failing jobs without heartbeat after 2021-12-15 21:39:53.323165+00:00
[2021-12-15 21:45:03,340] {dag_processing.py:1062} INFO - Finding 'running' jobs without a recent heartbeat
[2021-12-15 21:45:03,343] {dag_processing.py:1066} INFO - Failing jobs without heartbeat after 2021-12-15 21:40:03.343715+00:00
[2021-12-15 21:45:13,390] {dag_processing.py:1062} INFO - Finding 'running' jobs without a recent heartbeat
[2021-12-15 21:45:13,393] {dag_processing.py:1066} INFO - Failing jobs without heartbeat after 2021-12-15 21:40:13.393048+00:00
[2021-12-15 21:45:23,426] {dag_processing.py:1062} INFO - Finding 'running' jobs without a recent heartbeat
[2021-12-15 21:45:23,429] {dag_processing.py:1066} INFO - Failing jobs without heartbeat after 2021-12-15 21:40:23.429051+00:00
[2021-12-15 21:45:33,441] {dag_processing.py:1062} INFO - Finding 'running' jobs without a recent heartbeat
[2021-12-15 21:45:33,443] {dag_processing.py:1066} INFO - Failing jobs without heartbeat after 2021-12-15 21:40:33.443493+00:00
[2021-12-15 21:45:43,492] {dag_processing.py:1062} INFO - Finding 'running' jobs without a recent heartbeat
[2021-12-15 21:45:43,495] {dag_processing.py:1066} INFO - Failing jobs without heartbeat after 2021-12-15 21:40:43.494980+00:00
[2021-12-15 21:45:53,543] {dag_processing.py:1062} INFO - Finding 'running' jobs without a recent heartbeat
[2021-12-15 21:45:53,545] {dag_processing.py:1066} INFO - Failing jobs without heartbeat after 2021-12-15 21:40:53.545647+00:00
[2021-12-15 21:46:03,557] {dag_processing.py:1062} INFO - Finding 'running' jobs without a recent heartbeat
[2021-12-15 21:46:03,560] {dag_processing.py:1066} INFO - Failing jobs without heartbeat after 2021-12-15 21:41:03.559921+00:00
[2021-12-15 21:46:13,611] {dag_processing.py:1062} INFO - Finding 'running' jobs without a recent heartbeat
[2021-12-15 21:46:13,614] {dag_processing.py:1066} INFO - Failing jobs without heartbeat after 2021-12-15 21:41:13.614057+00:00
[2021-12-15 21:46:23,664] {dag_processing.py:1062} INFO - Finding 'running' jobs without a recent heartbeat
[2021-12-15 21:46:23,668] {dag_processing.py:1066} INFO - Failing jobs without heartbeat after 2021-12-15 21:41:23.668674+00:00
[2021-12-15 21:46:33,685] {dag_processing.py:1062} INFO - Finding 'running' jobs without a recent heartbeat
[2021-12-15 21:46:33,687] {dag_processing.py:1066} INFO - Failing jobs without heartbeat after 2021-12-15 21:41:33.687374+00:00
[2021-12-15 21:46:43,763] {dag_processing.py:1062} INFO - Finding 'running' jobs without a recent heartbeat
[2021-12-15 21:46:43,768] {dag_processing.py:1066} INFO - Failing jobs without heartbeat after 2021-12-15 21:41:43.768231+00:00
[2021-12-15 21:46:53,848] {dag_processing.py:1062} INFO - Finding 'running' jobs without a recent heartbeat
[2021-12-15 21:46:53,850] {dag_processing.py:1066} INFO - Failing jobs without heartbeat after 2021-12-15 21:41:53.850531+00:00
[2021-12-15 21:47:03,867] {dag_processing.py:1062} INFO - Finding 'running' jobs without a recent heartbeat
[2021-12-15 21:47:03,869] {dag_processing.py:1066} INFO - Failing jobs without heartbeat after 2021-12-15 21:42:03.869690+00:00
[2021-12-15 21:47:13,925] {dag_processing.py:1062} INFO - Finding 'running' jobs without a recent heartbeat
[2021-12-15 21:47:13,928] {dag_processing.py:1066} INFO - Failing jobs without heartbeat after 2021-12-15 21:42:13.928470+00:00
[2021-12-15 21:47:23,999] {dag_processing.py:1062} INFO - Finding 'running' jobs without a recent heartbeat
[2021-12-15 21:47:24,002] {dag_processing.py:1066} INFO - Failing jobs without heartbeat after 2021-12-15 21:42:24.002318+00:00
[2021-12-15 21:47:35,013] {dag_processing.py:1062} INFO - Finding 'running' jobs without a recent heartbeat
[2021-12-15 21:47:35,015] {dag_processing.py:1066} INFO - Failing jobs without heartbeat after 2021-12-15 21:42:35.015719+00:00
[2021-12-15 21:47:45,085] {dag_processing.py:1062} INFO - Finding 'running' jobs without a recent heartbeat
[2021-12-15 21:47:45,087] {dag_processing.py:1066} INFO - Failing jobs without heartbeat after 2021-12-15 21:42:45.087676+00:00
[2021-12-15 21:47:55,146] {dag_processing.py:1062} INFO - Finding 'running' jobs without a recent heartbeat
[2021-12-15 21:47:55,148] {dag_processing.py:1066} INFO - Failing jobs without heartbeat after 2021-12-15 21:42:55.148329+00:00
[2021-12-15 21:48:05,164] {dag_processing.py:1062} INFO - Finding 'running' jobs without a recent heartbeat
[2021-12-15 21:48:05,168] {dag_processing.py:1066} INFO - Failing jobs without heartbeat after 2021-12-15 21:43:05.168487+00:00
[2021-12-15 21:48:15,224] {dag_processing.py:1062} INFO - Finding 'running' jobs without a recent heartbeat
[2021-12-15 21:48:15,227] {dag_processing.py:1066} INFO - Failing jobs without heartbeat after 2021-12-15 21:43:15.227584+00:00
[2021-12-15 21:48:25,282] {dag_processing.py:1062} INFO - Finding 'running' jobs without a recent heartbeat
[2021-12-15 21:48:25,283] {dag_processing.py:1066} INFO - Failing jobs without heartbeat after 2021-12-15 21:43:25.283928+00:00
[2021-12-15 21:48:36,298] {dag_processing.py:1062} INFO - Finding 'running' jobs without a recent heartbeat
[2021-12-15 21:48:36,301] {dag_processing.py:1066} INFO - Failing jobs without heartbeat after 2021-12-15 21:43:36.301013+00:00
[2021-12-15 21:48:46,385] {dag_processing.py:1062} INFO - Finding 'running' jobs without a recent heartbeat
[2021-12-15 21:48:46,387] {dag_processing.py:1066} INFO - Failing jobs without heartbeat after 2021-12-15 21:43:46.387238+00:00
[2021-12-15 21:48:56,442] {dag_processing.py:1062} INFO - Finding 'running' jobs without a recent heartbeat
[2021-12-15 21:48:56,445] {dag_processing.py:1066} INFO - Failing jobs without heartbeat after 2021-12-15 21:43:56.445294+00:00
[2021-12-15 21:49:06,476] {dag_processing.py:1062} INFO - Finding 'running' jobs without a recent heartbeat
[2021-12-15 21:49:06,483] {dag_processing.py:1066} INFO - Failing jobs without heartbeat after 2021-12-15 21:44:06.483574+00:00
